<?xml version="1.0" encoding="UTF-8" ?>
<testsuite errors="0" failures="0" hostname="BDC8-L-39DTWQ1" name="training.TestMyWebPage" skipped="0" tests="1" time="18.938" timestamp="2015-02-11T04:10:30">
  <properties>
    <property name="java.vendor" value="Oracle Corporation" />
    <property name="ant.file.Day1" value="C:\Anbu\Training\Day1\build.xml" />
    <property name="sun.java.launcher" value="SUN_STANDARD" />
    <property name="sun.management.compiler" value="HotSpot 64-Bit Tiered Compilers" />
    <property name="ant.file.type.Day1" value="file" />
    <property name="lib" value="./lib" />
    <property name="os.name" value="Windows 7" />
    <property name="sun.boot.class.path" value="C:\Program Files\Java\jdk1.7.0_71\jre\lib\resources.jar;C:\Program Files\Java\jdk1.7.0_71\jre\lib\rt.jar;C:\Program Files\Java\jdk1.7.0_71\jre\lib\sunrsasign.jar;C:\Program Files\Java\jdk1.7.0_71\jre\lib\jsse.jar;C:\Program Files\Java\jdk1.7.0_71\jre\lib\jce.jar;C:\Program Files\Java\jdk1.7.0_71\jre\lib\charsets.jar;C:\Program Files\Java\jdk1.7.0_71\jre\lib\jfr.jar;C:\Program Files\Java\jdk1.7.0_71\jre\classes" />
    <property name="TODAY" value="February 11 2015" />
    <property name="report" value="./report" />
    <property name="sun.desktop" value="windows" />
    <property name="java.vm.specification.vendor" value="Oracle Corporation" />
    <property name="ant.home" value="C:\Tools\apache-ant-1.9.4" />
    <property name="java.runtime.version" value="1.7.0_71-b14" />
    <property name="user.name" value="anburaj.allimuthu" />
    <property name="user.language" value="en" />
    <property name="sun.boot.library.path" value="C:\Program Files\Java\jdk1.7.0_71\jre\bin" />
    <property name="ant.project.default-target" value="junitReport" />
    <property name="ant.project.name" value="Day1" />
    <property name="DSTAMP" value="20150211" />
    <property name="java.version" value="1.7.0_71" />
    <property name="user.timezone" value="" />
    <property name="bin" value="./bin" />
    <property name="sun.arch.data.model" value="64" />
    <property name="java.endorsed.dirs" value="C:\Program Files\Java\jdk1.7.0_71\jre\lib\endorsed" />
    <property name="sun.cpu.isalist" value="amd64" />
    <property name="sun.jnu.encoding" value="Cp1252" />
    <property name="file.encoding.pkg" value="sun.io" />
    <property name="file.separator" value="\" />
    <property name="java.specification.name" value="Java Platform API Specification" />
    <property name="java.class.version" value="51.0" />
    <property name="src" value="./src" />
    <property name="user.country" value="IN" />
    <property name="java.home" value="C:\Program Files\Java\jdk1.7.0_71\jre" />
    <property name="java.vm.info" value="mixed mode" />
    <property name="ant.file" value="C:\Anbu\Training\Day1\build.xml" />
    <property name="os.version" value="6.1" />
    <property name="lastUpdated" value="11-02-2015 09:40:24" />
    <property name="path.separator" value=";" />
    <property name="java.vm.version" value="24.71-b01" />
    <property name="user.variant" value="" />
    <property name="ant.library.dir" value="C:\Tools\apache-ant-1.9.4\lib" />
    <property name="java.awt.printerjob" value="sun.awt.windows.WPrinterJob" />
    <property name="sun.io.unicode.encoding" value="UnicodeLittle" />
    <property name="awt.toolkit" value="sun.awt.windows.WToolkit" />
    <property name="user.script" value="" />
    <property name="user.home" value="C:\Users\anburaj.allimuthu" />
    <property name="java.specification.vendor" value="Oracle Corporation" />
    <property name="test.dir" value="./src/training" />
    <property name="java.library.path" value="C:\Program Files\Java\jdk1.7.0_71\jre\bin;C:\windows\Sun\Java\bin;C:\windows\system32;C:\windows;C:\windows\system32;C:\windows;C:\windows\System32\Wbem;C:\windows\System32\WindowsPowerShell\v1.0\;C:\Program Files (x86)\Git\cmd;C:\Program Files\TortoiseHg\;C:\Program Files\Java\jdk1.7.0_71\bin\;C:\apache-maven-3.2.3\bin;C:\Tools\apache-ant-1.9.4\bin;;." />
    <property name="java.vendor.url" value="http://java.oracle.com/" />
    <property name="java.vm.vendor" value="Oracle Corporation" />
    <property name="java.runtime.name" value="Java(TM) SE Runtime Environment" />
    <property name="sun.java.command" value="org.apache.tools.ant.taskdefs.optional.junit.JUnitTestRunner training.TestMyWebPage skipNonTests=false filtertrace=true haltOnError=false haltOnFailure=false formatter=org.apache.tools.ant.taskdefs.optional.junit.OutErrSummaryJUnitResultFormatter showoutput=false outputtoformatters=true logfailedtests=true threadid=0 logtestlistenerevents=false formatter=org.apache.tools.ant.taskdefs.optional.junit.XMLJUnitResultFormatter,C:\Anbu\Training\Day1\report\xml\TEST-training.TestMyWebPage.xml crashfile=C:\Anbu\Training\Day1\junitvmwatcher1156559368507040200.properties propsfile=C:\Anbu\Training\Day1\junit1642320362725622709.properties" />
    <property name="java.class.path" value="C:\Anbu\Training\Day1\bin;C:\Anbu\Training\Day1\lib\apache-mime4j-0.6.jar;C:\Anbu\Training\Day1\lib\bsh-1.3.0.jar;C:\Anbu\Training\Day1\lib\cglib-nodep-2.1_3.jar;C:\Anbu\Training\Day1\lib\commons-codec-1.9.jar;C:\Anbu\Training\Day1\lib\commons-collections-3.2.1.jar;C:\Anbu\Training\Day1\lib\commons-exec-1.1.jar;C:\Anbu\Training\Day1\lib\commons-io-2.4.jar;C:\Anbu\Training\Day1\lib\commons-jxpath-1.3.jar;C:\Anbu\Training\Day1\lib\commons-lang3-3.3.2.jar;C:\Anbu\Training\Day1\lib\commons-logging-1.1.3.jar;C:\Anbu\Training\Day1\lib\cssparser-0.9.14.jar;C:\Anbu\Training\Day1\lib\gson-2.3.jar;C:\Anbu\Training\Day1\lib\guava-18.0.jar;C:\Anbu\Training\Day1\lib\hamcrest-core-1.3.jar;C:\Anbu\Training\Day1\lib\hamcrest-library-1.3.jar;C:\Anbu\Training\Day1\lib\htmlunit-2.15.jar;C:\Anbu\Training\Day1\lib\htmlunit-core-js-2.15.jar;C:\Anbu\Training\Day1\lib\httpclient-4.3.4.jar;C:\Anbu\Training\Day1\lib\httpcore-4.3.2.jar;C:\Anbu\Training\Day1\lib\httpmime-4.3.4.jar;C:\Anbu\Training\Day1\lib\ini4j-0.5.2.jar;C:\Anbu\Training\Day1\lib\jcommander-1.29.jar;C:\Anbu\Training\Day1\lib\jetty-websocket-8.1.8.jar;C:\Anbu\Training\Day1\lib\jna-3.4.0.jar;C:\Anbu\Training\Day1\lib\jna-platform-3.4.0.jar;C:\Anbu\Training\Day1\lib\junit-4.10.jar;C:\Anbu\Training\Day1\lib\junit-dep-4.11.jar;C:\Anbu\Training\Day1\lib\nekohtml-1.9.21.jar;C:\Anbu\Training\Day1\lib\netty-3.5.7.Final.jar;C:\Anbu\Training\Day1\lib\operadriver-1.5.jar;C:\Anbu\Training\Day1\lib\phantomjsdriver-1.1.0.jar;C:\Anbu\Training\Day1\lib\protobuf-java-2.4.1.jar;C:\Anbu\Training\Day1\lib\sac-1.3.jar;C:\Anbu\Training\Day1\lib\selenium-java-2.44.0-srcs.jar;C:\Anbu\Training\Day1\lib\selenium-java-2.44.0.jar;C:\Anbu\Training\Day1\lib\selenium-server-standalone-2.44.0.jar;C:\Anbu\Training\Day1\lib\serializer-2.7.1.jar;C:\Anbu\Training\Day1\lib\testng-6.8.5.jar;C:\Anbu\Training\Day1\lib\xalan-2.7.1.jar;C:\Anbu\Training\Day1\lib\xercesImpl-2.11.0.jar;C:\Anbu\Training\Day1\lib\xml-apis-1.4.01.jar;C:\Tools\apache-ant-1.9.4\lib\ant-launcher.jar;C:\Tools\apache-ant-1.9.4\lib\ant.jar;C:\Tools\apache-ant-1.9.4\lib\ant-junit.jar;C:\Tools\apache-ant-1.9.4\lib\ant-junit4.jar" />
    <property name="ant.version" value="Apache Ant(TM) version 1.9.4 compiled on April 29 2014" />
    <property name="TSTAMP" value="0940" />
    <property name="java.vm.specification.name" value="Java Virtual Machine Specification" />
    <property name="ant.file.type" value="file" />
    <property name="java.vm.specification.version" value="1.7" />
    <property name="sun.cpu.endian" value="little" />
    <property name="sun.os.patch.level" value="Service Pack 1" />
    <property name="java.io.tmpdir" value="C:\Users\ANBURA~1.ALL\AppData\Local\Temp\" />
    <property name="java.vendor.url.bug" value="http://bugreport.sun.com/bugreport/" />
    <property name="os.arch" value="amd64" />
    <property name="java.awt.graphicsenv" value="sun.awt.Win32GraphicsEnvironment" />
    <property name="java.ext.dirs" value="C:\Program Files\Java\jdk1.7.0_71\jre\lib\ext;C:\windows\Sun\Java\lib\ext" />
    <property name="user.dir" value="C:\Anbu\Training\Day1" />
    <property name="line.separator" value="&#xd;&#xa;" />
    <property name="java.vm.name" value="Java HotSpot(TM) 64-Bit Server VM" />
    <property name="basedir" value="C:\Anbu\Training\Day1" />
    <property name="ant.java.version" value="1.7" />
    <property name="ant.core.lib" value="C:\Tools\apache-ant-1.9.4\lib\ant.jar" />
    <property name="file.encoding" value="Cp1252" />
    <property name="java.specification.version" value="1.7" />
    <property name="ant.project.invoked-targets" value="exec" />
  </properties>
  <testcase classname="training.TestMyWebPage" name="testmyPage" time="18.716" />
  <system-out><![CDATA[Welcome!
]]></system-out>
  <system-err><![CDATA[Started InternetExplorerDriver server (32-bit)
2.28.0.0
Listening on port 38007
]]></system-err>
</testsuite>
